<?xml version="1.0" encoding="UTF-8"?>
<!-- Generated by org.testng.reporters.JUnitReportReporter -->
<testsuite hostname="RN" failures="0" tests="3" name="FrameWork.SubmitOrderTest" time="16.763" errors="0" timestamp="8 Apr 2024 09:42:36 GMT">
  <testcase classname="FrameWork.SubmitOrderTest" name="submitorder" time="5.506"/>
  <testcase classname="FrameWork.SubmitOrderTest" name="orderHistoryTest" time="2.159"/>
  <testcase classname="FrameWork.SubmitOrderTest" name="submitorder" time="9.098"/>
</testsuite> <!-- FrameWork.SubmitOrderTest -->
