<?xml version="1.0" encoding="UTF-8"?>
<!-- Generated by org.testng.reporters.JUnitReportReporter -->
<testsuite hostname="RN" failures="0" tests="3" name="FrameWork.SubmitOrderTest" time="15.412" errors="0" timestamp="4 Apr 2024 14:15:31 GMT">
  <testcase classname="FrameWork.SubmitOrderTest" name="submitorder" time="5.322"/>
  <testcase classname="FrameWork.SubmitOrderTest" name="submitorder" time="4.573"/>
  <testcase classname="FrameWork.SubmitOrderTest" name="orderHistoryTest" time="5.517"/>
</testsuite> <!-- FrameWork.SubmitOrderTest -->
